<?xml version="1.0" encoding="UTF-8"?>
<!-- Generated by org.testng.reporters.JUnitReportReporter -->
<testsuite hostname="DESKTOP-EQS02MH" failures="0" tests="1" name="testcase.TestBase" time="20.927" errors="0" timestamp="2023-12-18T12:41:42 IST" skipped="0">
  <testcase classname="testcase.TestBase" name="s" time="20.927"/>
</testsuite> <!-- testcase.TestBase -->
