<?xml version="1.0" encoding="UTF-8"?>
<!-- Generated by org.testng.reporters.JUnitReportReporter -->
<testsuite hostname="DESKTOP-EQS02MH" failures="0" tests="1" name="TestMobile.TestCase" time="20.664" errors="0" timestamp="2023-12-18T13:56:25 IST" skipped="0">
  <testcase classname="TestMobile.TestCase" name="demo" time="20.664"/>
</testsuite> <!-- TestMobile.TestCase -->
